<?xml version="1.0" encoding="UTF-8"?>
<!-- Generated by org.testng.reporters.JUnitXMLReporter -->
<testsuite ignored="65" hostname="DESKTOP-46AQCBJ" failures="0" tests="1" name="Default test" time="39.465" errors="0" timestamp="2024-07-18T16:47:00 IST">
  <testcase classname="org.amazon.AmazonTest" name="messangerlinktest38" time="10.178"/>
  <testcase classname="org.amazon.AmazonTest" name="missdateofbirthtest6" time="0.0">
    <ignored/>
  </testcase> <!-- missdateofbirthtest6 -->
  <testcase classname="org.amazon.AmazonTest" name="privacyclicktest30" time="0.0">
    <ignored/>
  </testcase> <!-- privacyclicktest30 -->
  <testcase classname="org.amazon.AmazonTest" name="videoslinktest40" time="0.0">
    <ignored/>
  </testcase> <!-- videoslinktest40 -->
  <testcase classname="org.amazon.AmazonTest" name="enterkeytest18" time="0.0">
    <ignored/>
  </testcase> <!-- enterkeytest18 -->
  <testcase classname="org.amazon.AmazonTest" name="enterkeytest19" time="0.0">
    <ignored/>
  </testcase> <!-- enterkeytest19 -->
  <testcase classname="org.amazon.AmazonTest" name="dontfillanythingtest8" time="0.0">
    <ignored/>
  </testcase> <!-- dontfillanythingtest8 -->
  <testcase classname="org.amazon.AmazonTest" name="invalidnumbertest14" time="0.0">
    <ignored/>
  </testcase> <!-- invalidnumbertest14 -->
  <testcase classname="org.amazon.AmazonTest" name="zoomingwebpagetest13" time="0.0">
    <ignored/>
  </testcase> <!-- zoomingwebpagetest13 -->
  <testcase classname="org.amazon.AmazonTest" name="metaquestlinktest46" time="0.0">
    <ignored/>
  </testcase> <!-- metaquestlinktest46 -->
  <testcase classname="org.amazon.AmazonTest" name="votinglinktest52" time="0.0">
    <ignored/>
  </testcase> <!-- votinglinktest52 -->
  <testcase classname="org.amazon.AmazonTest" name="gameslinktest42" time="0.0">
    <ignored/>
  </testcase> <!-- gameslinktest42 -->
  <testcase classname="org.amazon.AmazonTest" name="groupslinktest55" time="0.0">
    <ignored/>
  </testcase> <!-- groupslinktest55 -->
  <testcase classname="org.amazon.AmazonTest" name="learnmoretest28" time="0.0">
    <ignored/>
  </testcase> <!-- learnmoretest28 -->
  <testcase classname="org.amazon.AmazonTest" name="plusiconclicktest33" time="0.0">
    <ignored/>
  </testcase> <!-- plusiconclicktest33 -->
  <testcase classname="org.amazon.AmazonTest" name="alllanguagedetailstest35" time="0.0">
    <ignored/>
  </testcase> <!-- alllanguagedetailstest35 -->
  <testcase classname="org.amazon.AmazonTest" name="createpagelinktest58" time="0.0">
    <ignored/>
  </testcase> <!-- createpagelinktest58 -->
  <testcase classname="org.amazon.AmazonTest" name="alreadyhaveacctest32" time="0.0">
    <ignored/>
  </testcase> <!-- alreadyhaveacctest32 -->
  <testcase classname="org.amazon.AmazonTest" name="tabkeytest17" time="0.0">
    <ignored/>
  </testcase> <!-- tabkeytest17 -->
  <testcase classname="org.amazon.AmazonTest" name="invalidnametest10" time="0.0">
    <ignored/>
  </testcase> <!-- invalidnametest10 -->
  <testcase classname="org.amazon.AmazonTest" name="metapaylinktest44" time="0.0">
    <ignored/>
  </testcase> <!-- metapaylinktest44 -->
  <testcase classname="org.amazon.AmazonTest" name="invalidnametest11" time="0.0">
    <ignored/>
  </testcase> <!-- invalidnametest11 -->
  <testcase classname="org.amazon.AmazonTest" name="verifybuttontest29" time="0.0">
    <ignored/>
  </testcase> <!-- verifybuttontest29 -->
  <testcase classname="org.amazon.AmazonTest" name="clickgenderalltest15" time="0.0">
    <ignored/>
  </testcase> <!-- clickgenderalltest15 -->
  <testcase classname="org.amazon.AmazonTest" name="leavegendertest7" time="0.0">
    <ignored/>
  </testcase> <!-- leavegendertest7 -->
  <testcase classname="org.amazon.AmazonTest" name="signuplinktest36" time="0.0">
    <ignored/>
  </testcase> <!-- signuplinktest36 -->
  <testcase classname="org.amazon.AmazonTest" name="misspasswordtest5" time="0.0">
    <ignored/>
  </testcase> <!-- misspasswordtest5 -->
  <testcase classname="org.amazon.AmazonTest" name="cookiesclicktest31" time="0.0">
    <ignored/>
  </testcase> <!-- cookiesclicktest31 -->
  <testcase classname="org.amazon.AmazonTest" name="privacypolicylinktest53" time="0.0">
    <ignored/>
  </testcase> <!-- privacypolicylinktest53 -->
  <testcase classname="org.amazon.AmazonTest" name="careerslinktest60" time="0.0">
    <ignored/>
  </testcase> <!-- careerslinktest60 -->
  <testcase classname="org.amazon.AmazonTest" name="facebooklitelinktest39" time="0.0">
    <ignored/>
  </testcase> <!-- facebooklitelinktest39 -->
  <testcase classname="org.amazon.AmazonTest" name="selectallyeartest25" time="0.0">
    <ignored/>
  </testcase> <!-- selectallyeartest25 -->
  <testcase classname="org.amazon.AmazonTest" name="getplaceholdertexttest9" time="0.0">
    <ignored/>
  </testcase> <!-- getplaceholdertexttest9 -->
  <testcase classname="org.amazon.AmazonTest" name="missnametest2" time="0.0">
    <ignored/>
  </testcase> <!-- missnametest2 -->
  <testcase classname="org.amazon.AmazonTest" name="termslinktest63" time="0.0">
    <ignored/>
  </testcase> <!-- termslinktest63 -->
  <testcase classname="org.amazon.AmazonTest" name="passwordbullettest22" time="0.0">
    <ignored/>
  </testcase> <!-- passwordbullettest22 -->
  <testcase classname="org.amazon.AmazonTest" name="selectallmonthtest24" time="0.0">
    <ignored/>
  </testcase> <!-- selectallmonthtest24 -->
  <testcase classname="org.amazon.AmazonTest" name="invalidpasswordtest12" time="0.0">
    <ignored/>
  </testcase> <!-- invalidpasswordtest12 -->
  <testcase classname="org.amazon.AmazonTest" name="cookieslinktest61" time="0.0">
    <ignored/>
  </testcase> <!-- cookieslinktest61 -->
  <testcase classname="org.amazon.AmazonTest" name="placeslinktest41" time="0.0">
    <ignored/>
  </testcase> <!-- placeslinktest41 -->
  <testcase classname="org.amazon.AmazonTest" name="adchoiceslinktest62" time="0.0">
    <ignored/>
  </testcase> <!-- adchoiceslinktest62 -->
  <testcase classname="org.amazon.AmazonTest" name="instagramlinktest48" time="0.0">
    <ignored/>
  </testcase> <!-- instagramlinktest48 -->
  <testcase classname="org.amazon.AmazonTest" name="developerslinktest59" time="0.0">
    <ignored/>
  </testcase> <!-- developerslinktest59 -->
  <testcase classname="org.amazon.AmazonTest" name="facebookiconchangetest27" time="0.0">
    <ignored/>
  </testcase> <!-- facebookiconchangetest27 -->
  <testcase classname="org.amazon.AmazonTest" name="misssurnametest3" time="0.0">
    <ignored/>
  </testcase> <!-- misssurnametest3 -->
  <testcase classname="org.amazon.AmazonTest" name="metaailinktest47" time="0.0">
    <ignored/>
  </testcase> <!-- metaailinktest47 -->
  <testcase classname="org.amazon.AmazonTest" name="aboutlinktest56" time="0.0">
    <ignored/>
  </testcase> <!-- aboutlinktest56 -->
  <testcase classname="org.amazon.AmazonTest" name="enteremailtest21" time="0.0">
    <ignored/>
  </testcase> <!-- enteremailtest21 -->
  <testcase classname="org.amazon.AmazonTest" name="missnumbertest4" time="0.0">
    <ignored/>
  </testcase> <!-- missnumbertest4 -->
  <testcase classname="org.amazon.AmazonTest" name="marketplacetest43" time="0.0">
    <ignored/>
  </testcase> <!-- marketplacetest43 -->
  <testcase classname="org.amazon.AmazonTest" name="selectalldatetest23" time="0.0">
    <ignored/>
  </testcase> <!-- selectalldatetest23 -->
  <testcase classname="org.amazon.AmazonTest" name="privacycentrelinktest54" time="0.0">
    <ignored/>
  </testcase> <!-- privacycentrelinktest54 -->
  <testcase classname="org.amazon.AmazonTest" name="contactlinktest65" time="0.0">
    <ignored/>
  </testcase> <!-- contactlinktest65 -->
  <testcase classname="org.amazon.AmazonTest" name="checkcustomegendertest16" time="0.0">
    <ignored/>
  </testcase> <!-- checkcustomegendertest16 -->
  <testcase classname="org.amazon.AmazonTest" name="createadlinktest57" time="0.0">
    <ignored/>
  </testcase> <!-- createadlinktest57 -->
  <testcase classname="org.amazon.AmazonTest" name="serviceslinktest51" time="0.0">
    <ignored/>
  </testcase> <!-- serviceslinktest51 -->
  <testcase classname="org.amazon.AmazonTest" name="mousecursorchangetest26" time="0.0">
    <ignored/>
  </testcase> <!-- mousecursorchangetest26 -->
  <testcase classname="org.amazon.AmazonTest" name="metastorelinktest45" time="0.0">
    <ignored/>
  </testcase> <!-- metastorelinktest45 -->
  <testcase classname="org.amazon.AmazonTest" name="helplinktest64" time="0.0">
    <ignored/>
  </testcase> <!-- helplinktest64 -->
  <testcase classname="org.amazon.AmazonTest" name="fundraiserlinktest50" time="0.0">
    <ignored/>
  </testcase> <!-- fundraiserlinktest50 -->
  <testcase classname="org.amazon.AmazonTest" name="mousecursor20" time="0.0">
    <ignored/>
  </testcase> <!-- mousecursor20 -->
  <testcase classname="org.amazon.AmazonTest" name="threadslinktest49" time="0.0">
    <ignored/>
  </testcase> <!-- threadslinktest49 -->
  <testcase classname="org.amazon.AmazonTest" name="tanilbuttonclicktest34" time="0.0">
    <ignored/>
  </testcase> <!-- tanilbuttonclicktest34 -->
  <testcase classname="org.amazon.AmazonTest" name="metatextktest66" time="0.0">
    <ignored/>
  </testcase> <!-- metatextktest66 -->
  <testcase classname="org.amazon.AmazonTest" name="Enterallvaluetest1" time="0.0">
    <ignored/>
  </testcase> <!-- Enterallvaluetest1 -->
  <testcase classname="org.amazon.AmazonTest" name="loginlinktest37" time="0.0">
    <ignored/>
  </testcase> <!-- loginlinktest37 -->
</testsuite> <!-- Default test -->
