<?xml version="1.0" encoding="UTF-8"?>
<testng-results ignored="65" total="66" passed="1" failed="0" skipped="0">
  <reporter-output>
  </reporter-output>
  <suite started-at="2024-07-18T16:46:21 IST" name="Default suite" finished-at="2024-07-18T16:47:00 IST" duration-ms="39465">
    <groups>
    </groups>
    <test started-at="2024-07-18T16:46:21 IST" name="Default test" finished-at="2024-07-18T16:47:00 IST" duration-ms="39465">
      <class name="org.amazon.AmazonTest">
        <test-method is-config="true" signature="test0()[pri:0, instance:org.amazon.AmazonTest@11392934]" started-at="2024-07-18T16:46:21 IST" name="test0" finished-at="2024-07-18T16:46:32 IST" duration-ms="11672" status="PASS">
          <reporter-output>
          </reporter-output>
        </test-method> <!-- test0 -->
        <test-method signature="messangerlinktest38()[pri:38, instance:org.amazon.AmazonTest@11392934]" started-at="2024-07-18T16:46:32 IST" name="messangerlinktest38" finished-at="2024-07-18T16:46:43 IST" duration-ms="10178" status="PASS">
          <reporter-output>
          </reporter-output>
        </test-method> <!-- messangerlinktest38 -->
        <test-method is-config="true" signature="test110()[pri:0, instance:org.amazon.AmazonTest@11392934]" started-at="2024-07-18T16:46:43 IST" name="test110" finished-at="2024-07-18T16:46:56 IST" duration-ms="13408" status="PASS">
          <reporter-output>
          </reporter-output>
        </test-method> <!-- test110 -->
        <test-method is-config="true" signature="test111()[pri:0, instance:org.amazon.AmazonTest@11392934]" started-at="2024-07-18T16:46:56 IST" name="test111" finished-at="2024-07-18T16:47:00 IST" duration-ms="4117" status="PASS">
          <reporter-output>
          </reporter-output>
        </test-method> <!-- test111 -->
      </class> <!-- org.amazon.AmazonTest -->
    </test> <!-- Default test -->
  </suite> <!-- Default suite -->
</testng-results>
